Virtual User Script started
Starting action vuser_init.
Ending action vuser_init.
Running Vuser...
Starting iteration 1.
Starting action Action.
Action.c(4): ***ITERATION = 1
Action.c(5): ***TRANSACTION START TIME = 2009-01-30 19:13:02 E00000001
Action.c(7): web_set_certificate_ex was successful  	[MsgId: MMSG-26392]
Action.c(16): Web service call "publishServiceOrderCompletion_101" started
Action.c(16): Web service call "publishServiceOrderCompletion_101" was successful
Ending action Action.
Ending iteration 1.
Starting iteration 2.
Starting action Action.
Action.c(4): ***ITERATION = 2
Action.c(5): ***TRANSACTION START TIME = 2009-01-30 19:13:11 E00000002
Action.c(7): web_set_certificate_ex was successful  	[MsgId: MMSG-26392]
Action.c(16): Web service call "publishServiceOrderCompletion_101" started
Action.c(16): Web service call "publishServiceOrderCompletion_101" was successful
Ending action Action.
Ending iteration 2.
Starting iteration 3.
Starting action Action.
Action.c(4): ***ITERATION = 3
Action.c(5): ***TRANSACTION START TIME = 2009-01-30 19:13:12 E00000003
Action.c(7): web_set_certificate_ex was successful  	[MsgId: MMSG-26392]
Action.c(16): Web service call "publishServiceOrderCompletion_101" started
Action.c(16): Web service call "publishServiceOrderCompletion_101" was successful
Ending action Action.
Ending iteration 3.
Starting iteration 4.
Starting action Action.
Action.c(4): ***ITERATION = 4
Action.c(5): ***TRANSACTION START TIME = 2009-01-30 19:13:13 E00000004
Action.c(7): web_set_certificate_ex was successful  	[MsgId: MMSG-26392]
Action.c(16): Web service call "publishServiceOrderCompletion_101" started
Action.c(16): Web service call "publishServiceOrderCompletion_101" was successful
Ending action Action.
Ending iteration 4.
Starting iteration 5.
Starting action Action.
Action.c(4): ***ITERATION = 5
Action.c(5): ***TRANSACTION START TIME = 2009-01-30 19:13:16 E00000005
Action.c(7): web_set_certificate_ex was successful  	[MsgId: MMSG-26392]
Action.c(16): Web service call "publishServiceOrderCompletion_101" started
Action.c(16): Web service call "publishServiceOrderCompletion_101" was successful
Ending action Action.
Ending iteration 5.
Starting iteration 6.
Starting action Action.
Action.c(4): ***ITERATION = 6
Action.c(5): ***TRANSACTION START TIME = 2009-01-30 19:13:17 E00000006
Action.c(7): web_set_certificate_ex was successful  	[MsgId: MMSG-26392]
Action.c(16): Web service call "publishServiceOrderCompletion_101" started
Action.c(16): Web service call "publishServiceOrderCompletion_101" was successful
Ending action Action.
Ending iteration 6.
Starting iteration 7.
Starting action Action.
Action.c(4): ***ITERATION = 7
Action.c(5): ***TRANSACTION START TIME = 2009-01-30 19:13:18 E00000007
Action.c(7): web_set_certificate_ex was successful  	[MsgId: MMSG-26392]
Action.c(16): Web service call "publishServiceOrderCompletion_101" started
Action.c(16): Web service call "publishServiceOrderCompletion_101" was successful
Ending action Action.
Ending iteration 7.
Starting iteration 8.
Starting action Action.
Action.c(4): ***ITERATION = 8
Action.c(5): ***TRANSACTION START TIME = 2009-01-30 19:13:18 E00000008
Action.c(7): web_set_certificate_ex was successful  	[MsgId: MMSG-26392]
Action.c(16): Web service call "publishServiceOrderCompletion_101" started
Action.c(16): Web service call "publishServiceOrderCompletion_101" was successful
Ending action Action.
Ending iteration 8.
Starting iteration 9.
Starting action Action.
Action.c(4): ***ITERATION = 9
Action.c(5): ***TRANSACTION START TIME = 2009-01-30 19:13:20 E00000009
Action.c(7): web_set_certificate_ex was successful  	[MsgId: MMSG-26392]
Action.c(16): Web service call "publishServiceOrderCompletion_101" started
Action.c(16): Web service call "publishServiceOrderCompletion_101" was successful
Ending action Action.
Ending iteration 9.
Starting iteration 10.
Starting action Action.
Action.c(4): ***ITERATION = 10
Action.c(5): ***TRANSACTION START TIME = 2009-01-30 19:13:20 E00000010
Action.c(7): web_set_certificate_ex was successful  	[MsgId: MMSG-26392]
Action.c(16): Web service call "publishServiceOrderCompletion_101" started
Action.c(16): Web service call "publishServiceOrderCompletion_101" was successful
Ending action Action.
Ending iteration 10.
Starting iteration 11.
Starting action Action.
Action.c(4): ***ITERATION = 11
Action.c(5): ***TRANSACTION START TIME = 2009-01-30 19:13:21 E00000011
Action.c(7): web_set_certificate_ex was successful  	[MsgId: MMSG-26392]
Action.c(16): Web service call "publishServiceOrderCompletion_101" started
Action.c(16): Web service call "publishServiceOrderCompletion_101" was successful
Ending action Action.
Ending iteration 11.
Starting iteration 12.
Starting action Action.
Action.c(4): ***ITERATION = 12
Action.c(5): ***TRANSACTION START TIME = 2009-01-30 19:13:22 E00000012
Action.c(7): web_set_certificate_ex was successful  	[MsgId: MMSG-26392]
Action.c(16): Web service call "publishServiceOrderCompletion_101" started
Action.c(16): Web service call "publishServiceOrderCompletion_101" was successful
Ending action Action.
Ending iteration 12.
Starting iteration 13.
Starting action Action.
Action.c(4): ***ITERATION = 13
Action.c(5): ***TRANSACTION START TIME = 2009-01-30 19:13:23 E00000013
Action.c(7): web_set_certificate_ex was successful  	[MsgId: MMSG-26392]
Action.c(16): Web service call "publishServiceOrderCompletion_101" started
Action.c(16): Web service call "publishServiceOrderCompletion_101" was successful
Ending action Action.
Ending iteration 13.
Starting iteration 14.
Starting action Action.
Action.c(4): ***ITERATION = 14
Action.c(5): ***TRANSACTION START TIME = 2009-01-30 19:13:24 E00000014
Action.c(7): web_set_certificate_ex was successful  	[MsgId: MMSG-26392]
Action.c(16): Web service call "publishServiceOrderCompletion_101" started
Action.c(16): Web service call "publishServiceOrderCompletion_101" was successful
Ending action Action.
Ending iteration 14.
Starting iteration 15.
Starting action Action.
Action.c(4): ***ITERATION = 15
Action.c(5): ***TRANSACTION START TIME = 2009-01-30 19:13:24 E00000015
Action.c(7): web_set_certificate_ex was successful  	[MsgId: MMSG-26392]
Action.c(16): Web service call "publishServiceOrderCompletion_101" started
Action.c(16): Web service call "publishServiceOrderCompletion_101" was successful
Ending action Action.
Ending iteration 15.
Starting iteration 16.
Starting action Action.
Action.c(4): ***ITERATION = 16
Action.c(5): ***TRANSACTION START TIME = 2009-01-30 19:13:25 E00000016
Action.c(7): web_set_certificate_ex was successful  	[MsgId: MMSG-26392]
Action.c(16): Web service call "publishServiceOrderCompletion_101" started
Action.c(16): Web service call "publishServiceOrderCompletion_101" was successful
Ending action Action.
Ending iteration 16.
Starting iteration 17.
Starting action Action.
Action.c(4): ***ITERATION = 17
Action.c(5): ***TRANSACTION START TIME = 2009-01-30 19:13:25 E00000017
Action.c(7): web_set_certificate_ex was successful  	[MsgId: MMSG-26392]
Action.c(16): Web service call "publishServiceOrderCompletion_101" started
Action.c(16): Web service call "publishServiceOrderCompletion_101" was successful
Ending action Action.
Ending iteration 17.
Starting iteration 18.
Starting action Action.
Action.c(4): ***ITERATION = 18
Action.c(5): ***TRANSACTION START TIME = 2009-01-30 19:13:26 E00000018
Action.c(7): web_set_certificate_ex was successful  	[MsgId: MMSG-26392]
Action.c(16): Web service call "publishServiceOrderCompletion_101" started
Action.c(16): Web service call "publishServiceOrderCompletion_101" was successful
Ending action Action.
Ending iteration 18.
Starting iteration 19.
Starting action Action.
Action.c(4): ***ITERATION = 19
Action.c(5): ***TRANSACTION START TIME = 2009-01-30 19:13:26 E00000019
Action.c(7): web_set_certificate_ex was successful  	[MsgId: MMSG-26392]
Action.c(16): Web service call "publishServiceOrderCompletion_101" started
Action.c(16): Web service call "publishServiceOrderCompletion_101" was successful
Ending action Action.
Ending iteration 19.
Starting iteration 20.
Starting action Action.
Action.c(4): ***ITERATION = 20
Action.c(5): ***TRANSACTION START TIME = 2009-01-30 19:13:27 E00000020
Action.c(7): web_set_certificate_ex was successful  	[MsgId: MMSG-26392]
Action.c(16): Web service call "publishServiceOrderCompletion_101" started
Action.c(16): Web service call "publishServiceOrderCompletion_101" was successful
Ending action Action.
Ending iteration 20.
Starting iteration 21.
Starting action Action.
Action.c(4): ***ITERATION = 21
Action.c(5): ***TRANSACTION START TIME = 2009-01-30 19:13:28 E00000021
Action.c(7): web_set_certificate_ex was successful  	[MsgId: MMSG-26392]
Action.c(16): Web service call "publishServiceOrderCompletion_101" started
Action.c(16): Web service call "publishServiceOrderCompletion_101" was successful
Ending action Action.
Ending iteration 21.
Starting iteration 22.
Starting action Action.
Action.c(4): ***ITERATION = 22
Action.c(5): ***TRANSACTION START TIME = 2009-01-30 19:13:29 E00000022
Action.c(7): web_set_certificate_ex was successful  	[MsgId: MMSG-26392]
Action.c(16): Web service call "publishServiceOrderCompletion_101" started
Action.c(16): Web service call "publishServiceOrderCompletion_101" was successful
Ending action Action.
Ending iteration 22.
Starting iteration 23.
Starting action Action.
Action.c(4): ***ITERATION = 23
Action.c(5): ***TRANSACTION START TIME = 2009-01-30 19:13:30 E00000023
Action.c(7): web_set_certificate_ex was successful  	[MsgId: MMSG-26392]
Action.c(16): Web service call "publishServiceOrderCompletion_101" started
Action.c(16): Web service call "publishServiceOrderCompletion_101" was successful
Ending action Action.
Ending iteration 23.
Starting iteration 24.
Starting action Action.
Action.c(4): ***ITERATION = 24
Action.c(5): ***TRANSACTION START TIME = 2009-01-30 19:13:30 E00000024
Action.c(7): web_set_certificate_ex was successful  	[MsgId: MMSG-26392]
Action.c(16): Web service call "publishServiceOrderCompletion_101" started
Action.c(16): Web service call "publishServiceOrderCompletion_101" was successful
Ending action Action.
Ending iteration 24.
Starting iteration 25.
Starting action Action.
Action.c(4): ***ITERATION = 25
Action.c(5): ***TRANSACTION START TIME = 2009-01-30 19:13:31 E00000025
Action.c(7): web_set_certificate_ex was successful  	[MsgId: MMSG-26392]
Action.c(16): Web service call "publishServiceOrderCompletion_101" started
Action.c(16): Web service call "publishServiceOrderCompletion_101" was successful
Ending action Action.
Ending iteration 25.
Ending Vuser...
Starting action vuser_end.
Ending action vuser_end.
Vuser Terminated.
